Building DAG of jobs...
Using shell: /bin/bash
Provided cores: 1
Rules claiming more threads will be scaled down.
Job counts:
	count	jobs
	1	DownloadData
	1

[Sun Sep 30 09:49:41 2018]
rule DownloadData:
    input: Input/Code/GettingData.py
    output: Input/Downloaded_Data/today_prices.csv
    jobid: 0

    [Sun Sep 30 09:49:41 2018]
    Error in rule DownloadData:
        jobid: 0
        output: Input/Downloaded_Data/today_prices.csv

RuleException:
CalledProcessError in line 16 of /Users/paolomengano/Dropbox/1_Zurich/PhD/Second Year/Programming/Project/Snakefile:
Command ' set -euo pipefail;  Input/Code/GettingData.py ' returned non-zero exit status 2.
  File "/Users/paolomengano/Dropbox/1_Zurich/PhD/Second Year/Programming/Project/Snakefile", line 16, in __rule_DownloadData
  File "/Users/paolomengano/anaconda3/lib/python3.6/concurrent/futures/thread.py", line 56, in run
Shutting down, this might take some time.
Exiting because a job execution failed. Look above for error message
Complete log: /Users/paolomengano/Dropbox/1_Zurich/PhD/Second Year/Programming/Project/.snakemake/log/2018-09-30T094941.793676.snakemake.log
