Building DAG of jobs...
Using shell: /bin/bash
Provided cores: 1
Rules claiming more threads will be scaled down.
Job counts:
	count	jobs
	1	DownloadData
	1

[Sun Sep 30 15:41:25 2018]
rule DownloadData:
    input: Code/GettingData.py
    output: Data/today_prices.csvData/today_klines.csv
    jobid: 0

Waiting at most 5 seconds for missing files.
MissingOutputException in line 7 of /Users/paolomengano/Dropbox/1_Zurich/PhD/Second Year/Programming/Project/Snakefile:
Missing files after 5 seconds:
Data/today_prices.csvData/today_klines.csv
This might be due to filesystem latency. If that is the case, consider to increase the wait time with --latency-wait.
Shutting down, this might take some time.
Exiting because a job execution failed. Look above for error message
Complete log: /Users/paolomengano/Dropbox/1_Zurich/PhD/Second Year/Programming/Project/.snakemake/log/2018-09-30T154125.077174.snakemake.log
