Building DAG of jobs...
Using shell: /bin/bash
Provided cores: 1
Rules claiming more threads will be scaled down.
Job counts:
	count	jobs
	1	Forecast
	1

[Sun Sep 30 16:22:10 2018]
rule Forecast:
    input: Code/Forecasting.R
    jobid: 0

    [Sun Sep 30 16:22:12 2018]
    Error in rule Forecast:
        jobid: 0

RuleException:
CalledProcessError in line 19 of /Users/paolomengano/Dropbox/1_Zurich/PhD/Second Year/Programming/Project/Snakefile:
Command ' set -euo pipefail;  Rscript --no-save  --no-restore --verbose Code/Forecasting.R ' returned non-zero exit status 1.
  File "/Users/paolomengano/Dropbox/1_Zurich/PhD/Second Year/Programming/Project/Snakefile", line 19, in __rule_Forecast
  File "/Users/paolomengano/anaconda3/lib/python3.6/concurrent/futures/thread.py", line 56, in run
Shutting down, this might take some time.
Exiting because a job execution failed. Look above for error message
Complete log: /Users/paolomengano/Dropbox/1_Zurich/PhD/Second Year/Programming/Project/.snakemake/log/2018-09-30T162210.536407.snakemake.log
