Building DAG of jobs...
Using shell: /bin/bash
Provided cores: 1
Rules claiming more threads will be scaled down.
Job counts:
	count	jobs
	1	Billionaire
	1	DownloadData
	1	Forecast
	1	MakeLatex
	4

[Tue Oct  9 14:51:55 2018]
rule DownloadData:
    input: Code/GettingData.py
    output: Data/today_klines.csv
    jobid: 3

[Tue Oct  9 14:53:36 2018]
Finished job 3.
1 of 4 steps (25%) done

[Tue Oct  9 14:53:36 2018]
rule Forecast:
    input: Code/Forecasting.R, Data/today_klines.csv
    output: Data/Forecasts.csv
    jobid: 2

[Tue Oct  9 14:53:38 2018]
Finished job 2.
2 of 4 steps (50%) done

[Tue Oct  9 14:53:38 2018]
rule MakeLatex:
    input: Code/MakeLatex.R, Data/Forecasts.csv
    output: Results/Latex.pdf
    jobid: 1

[Tue Oct  9 14:53:41 2018]
Finished job 1.
3 of 4 steps (75%) done

[Tue Oct  9 14:53:41 2018]
rule Billionaire:
    input: Code/CherryOnTop.py, Results/Latex.pdf
    jobid: 0

[Tue Oct  9 14:53:45 2018]
Finished job 0.
4 of 4 steps (100%) done
Complete log: /Users/paolomengano/Dropbox/1_Zurich/PhD/Second Year/Programming/Project/.snakemake/log/2018-10-09T145155.567162.snakemake.log
