Building DAG of jobs...
Using shell: /bin/bash
Provided cores: 1
Rules claiming more threads will be scaled down.
Job counts:
	count	jobs
	1	Forecast
	1

[Tue Oct  9 13:22:07 2018]
rule Forecast:
    input: Code/Forecasting.R, Data/today_klines.csv
    output: Data/Forecasts.csv
    jobid: 0

Waiting at most 5 seconds for missing files.
MissingOutputException in line 15 of /Users/paolomengano/Dropbox/1_Zurich/PhD/Second Year/Programming/Project/Snakefile:
Missing files after 5 seconds:
Data/Forecasts.csv
This might be due to filesystem latency. If that is the case, consider to increase the wait time with --latency-wait.
Shutting down, this might take some time.
Exiting because a job execution failed. Look above for error message
Complete log: /Users/paolomengano/Dropbox/1_Zurich/PhD/Second Year/Programming/Project/.snakemake/log/2018-10-09T132207.056104.snakemake.log
